0 info it worked if it ends with ok
1 verbose cli [ 'D:\\nodejs\\node.exe',
1 verbose cli   'D:\\nodejs\\node_modules\\npm\\bin\\npm-cli.js',
1 verbose cli   'run',
1 verbose cli   'wds' ]
2 info using npm@3.10.3
3 info using node@v6.4.0
4 verbose run-script [ 'prewds', 'wds', 'postwds' ]
5 info lifecycle duyi@1.0.0~prewds: duyi@1.0.0
6 silly lifecycle duyi@1.0.0~prewds: no script for prewds, continuing
7 info lifecycle duyi@1.0.0~wds: duyi@1.0.0
8 verbose lifecycle duyi@1.0.0~wds: unsafe-perm in lifecycle true
9 verbose lifecycle duyi@1.0.0~wds: PATH: D:\nodejs\node_modules\npm\bin\node-gyp-bin;F:\newLife\redux\lessonProject\node_modules\.bin;D:\nodejs;C:\Users\Administrator\bin;D:\Git\mingw64\bin;D:\Git\usr\local\bin;D:\Git\usr\bin;D:\Git\usr\bin;D:\Git\mingw64\bin;D:\Git\usr\bin;C:\Users\Administrator\bin;C:\Windows\system32;C:\Windows;C:\Windows\System32\Wbem;C:\Windows\System32\WindowsPowerShell\v1.0;C:\Program Files (x86)\ATI Technologies\ATI.ACE\Core-Static;D:\mysql\bin;C:\Program Files (x86)\Common Files\Thunder Network\KanKan\Codecs;D:\nodejs;D:\Git\cmd;D:\Java\jdk1.8.0_77\bin;C:\Users\Administrator\AppData\Roaming\npm;D:\Microsoft VS Code\bin;D:\Git\usr\bin\vendor_perl;D:\Git\usr\bin\core_perl
10 verbose lifecycle duyi@1.0.0~wds: CWD: F:\newLife\redux\lessonProject
11 silly lifecycle duyi@1.0.0~wds: Args: [ '/d /s /c', 'webpack-dev-server' ]
12 silly lifecycle duyi@1.0.0~wds: Returned: code: 1  signal: null
13 info lifecycle duyi@1.0.0~wds: Failed to exec wds script
14 verbose stack Error: duyi@1.0.0 wds: `webpack-dev-server`
14 verbose stack Exit status 1
14 verbose stack     at EventEmitter.<anonymous> (D:\nodejs\node_modules\npm\lib\utils\lifecycle.js:242:16)
14 verbose stack     at emitTwo (events.js:106:13)
14 verbose stack     at EventEmitter.emit (events.js:191:7)
14 verbose stack     at ChildProcess.<anonymous> (D:\nodejs\node_modules\npm\lib\utils\spawn.js:40:14)
14 verbose stack     at emitTwo (events.js:106:13)
14 verbose stack     at ChildProcess.emit (events.js:191:7)
14 verbose stack     at maybeClose (internal/child_process.js:852:16)
14 verbose stack     at Process.ChildProcess._handle.onexit (internal/child_process.js:215:5)
15 verbose pkgid duyi@1.0.0
16 verbose cwd F:\newLife\redux\lessonProject
17 error Windows_NT 6.1.7601
18 error argv "D:\\nodejs\\node.exe" "D:\\nodejs\\node_modules\\npm\\bin\\npm-cli.js" "run" "wds"
19 error node v6.4.0
20 error npm  v3.10.3
21 error code ELIFECYCLE
22 error duyi@1.0.0 wds: `webpack-dev-server`
22 error Exit status 1
23 error Failed at the duyi@1.0.0 wds script 'webpack-dev-server'.
23 error Make sure you have the latest version of node.js and npm installed.
23 error If you do, this is most likely a problem with the duyi package,
23 error not with npm itself.
23 error Tell the author that this fails on your system:
23 error     webpack-dev-server
23 error You can get information on how to open an issue for this project with:
23 error     npm bugs duyi
23 error Or if that isn't available, you can get their info via:
23 error     npm owner ls duyi
23 error There is likely additional logging output above.
24 verbose exit [ 1, true ]
